<?xml version="1.0" encoding="UTF-8"?>
<!-- Generated by org.testng.reporters.JUnitReportReporter -->
<testsuite hostname="DESKTOP-LH422BK" failures="0" tests="1" name="tests.TwoTest" time="28.926" errors="0" timestamp="2023-09-18T15:28:01 IST" skipped="0">
  <testcase classname="tests.TwoTest" name="testTwo" time="28.926"/>
  <system-out/>
</testsuite> <!-- tests.TwoTest -->
