<?xml version="1.0" encoding="UTF-8"?>
<!-- Generated by org.testng.reporters.JUnitReportReporter -->
<testsuite hostname="DESKTOP-LH422BK" failures="0" tests="1" name="runner.Runner" time="18.608" errors="0" timestamp="2023-09-19T11:33:19 IST" skipped="0">
  <testcase classname="runner.Runner" name="runScenario" time="18.608"/>
  <system-out/>
</testsuite> <!-- runner.Runner -->
