<?xml version="1.0" encoding="UTF-8"?>
<!-- Generated by org.testng.reporters.JUnitReportReporter -->
<testsuite hostname="DESKTOP-LH422BK" failures="0" tests="1" name="tests.ThreeTest" time="31.485" errors="0" timestamp="2023-09-18T15:28:01 IST" skipped="0">
  <testcase classname="tests.ThreeTest" name="testThree" time="31.485"/>
  <system-out/>
</testsuite> <!-- tests.ThreeTest -->
